#
# There is insufficient memory for the Java Runtime Environment to continue.
# Native memory allocation (malloc) failed to allocate 1443248 bytes for Chunk::new
# Possible reasons:
#   The system is out of physical RAM or swap space
#   The process is running with CompressedOops enabled, and the Java Heap may be blocking the growth of the native heap
# Possible solutions:
#   Reduce memory load on the system
#   Increase physical memory or swap space
#   Check if swap backing store is full
#   Decrease Java heap size (-Xmx/-Xms)
#   Decrease number of Java threads
#   Decrease Java thread stack sizes (-Xss)
#   Set larger code cache with -XX:ReservedCodeCacheSize=
#   JVM is running with Unscaled Compressed Oops mode in which the Java heap is
#     placed in the first 4GB address space. The Java Heap base address is the
#     maximum limit for the native heap growth. Please use -XX:HeapBaseMinAddress
#     to set the Java Heap base and to place the Java Heap above 4GB virtual address.
# This output file may be truncated or incomplete.
#
#  Out of Memory Error (allocation.cpp:389), pid=2108, tid=0x0000000000002e60
#
# JRE version: Java(TM) SE Runtime Environment (8.0_271-b09) (build 1.8.0_271-b09)
# Java VM: Java HotSpot(TM) 64-Bit Server VM (25.271-b09 mixed mode windows-amd64 compressed oops)
# Failed to write core dump. Minidumps are not enabled by default on client versions of Windows
#

---------------  T H R E A D  ---------------

Current thread (0x000001e0e19ae000):  JavaThread "C2 CompilerThread1" daemon [_thread_in_native, id=11872, stack(0x00000035b4100000,0x00000035b4200000)]

Stack: [0x00000035b4100000,0x00000035b4200000]
Native frames: (J=compiled Java code, j=interpreted, Vv=VM code, C=native code)
V  [jvm.dll+0x33f6c9]
V  [jvm.dll+0x286122]
V  [jvm.dll+0x286dcd]
V  [jvm.dll+0x27d805]
V  [jvm.dll+0xe574c]
V  [jvm.dll+0xe5f4c]
V  [jvm.dll+0x480095]
V  [jvm.dll+0x447c30]
V  [jvm.dll+0x450c25]
V  [jvm.dll+0x44ffe5]
V  [jvm.dll+0x43aef7]
V  [jvm.dll+0xbc3eb]
V  [jvm.dll+0xbaa4b]
V  [jvm.dll+0x24e7c2]
V  [jvm.dll+0x2a2dcc]
C  [ucrtbase.dll+0x21bb2]
C  [KERNEL32.DLL+0x17034]
C  [ntdll.dll+0x52651]


Current CompileTask:
C2:  27874 4286   !   4       javafx.scene.CssStyleHelper::transitionToState (1075 bytes)


---------------  P R O C E S S  ---------------

Java Threads: ( => current thread )
  0x000001e0e278e800 JavaThread "mysql-cj-abandoned-connection-cleanup" daemon [_thread_blocked, id=12200, stack(0x00000035b5500000,0x00000035b5600000)]
  0x000001e0e19a3800 JavaThread "Prism Font Disposer" daemon [_thread_blocked, id=13184, stack(0x00000035b5200000,0x00000035b5300000)]
  0x000001e0e19a8000 JavaThread "Thread-3" daemon [_thread_in_native, id=3728, stack(0x00000035b4f00000,0x00000035b5000000)]
  0x000001e0e19a7800 JavaThread "JavaFX-Launcher" [_thread_blocked, id=9032, stack(0x00000035b5000000,0x00000035b5100000)]
  0x000001e0e19a3000 JavaThread "JavaFX Application Thread" [_thread_in_native, id=9516, stack(0x00000035b4900000,0x00000035b4a00000)]
  0x000001e0e19a5000 JavaThread "Thread-1" daemon [_thread_blocked, id=6728, stack(0x00000035b4800000,0x00000035b4900000)]
  0x000001e0e19a6000 JavaThread "QuantumRenderer-0" daemon [_thread_blocked, id=6744, stack(0x00000035b4500000,0x00000035b4600000)]
  0x000001e0e19a2000 JavaThread "Service Thread" daemon [_thread_blocked, id=10380, stack(0x00000035b4300000,0x00000035b4400000)]
  0x000001e0e19b1000 JavaThread "C1 CompilerThread2" daemon [_thread_blocked, id=6768, stack(0x00000035b4200000,0x00000035b4300000)]
=>0x000001e0e19ae000 JavaThread "C2 CompilerThread1" daemon [_thread_in_native, id=11872, stack(0x00000035b4100000,0x00000035b4200000)]
  0x000001e0e19ab000 JavaThread "C2 CompilerThread0" daemon [_thread_blocked, id=11120, stack(0x00000035b4000000,0x00000035b4100000)]
  0x000001e0e19a1800 JavaThread "Monitor Ctrl-Break" daemon [_thread_in_native, id=14412, stack(0x00000035b3f00000,0x00000035b4000000)]
  0x000001e0e1940000 JavaThread "Attach Listener" daemon [_thread_blocked, id=5024, stack(0x00000035b3e00000,0x00000035b3f00000)]
  0x000001e0e193d800 JavaThread "Signal Dispatcher" daemon [_thread_blocked, id=9980, stack(0x00000035b3d00000,0x00000035b3e00000)]
  0x000001e0e11ed800 JavaThread "Finalizer" daemon [_thread_blocked, id=12828, stack(0x00000035b3c00000,0x00000035b3d00000)]
  0x000001e0e1915800 JavaThread "Reference Handler" daemon [_thread_blocked, id=3808, stack(0x00000035b3b00000,0x00000035b3c00000)]
  0x000001e0cb377000 JavaThread "main" [_thread_blocked, id=5932, stack(0x00000035b3500000,0x00000035b3600000)]

Other Threads:
  0x000001e0e18f3000 VMThread [stack: 0x00000035b3a00000,0x00000035b3b00000] [id=15092]
  0x000001e0e2600800 WatcherThread [stack: 0x00000035b4400000,0x00000035b4500000] [id=2588]

VM state:not at safepoint (normal execution)

VM Mutex/Monitor currently owned by a thread: None

heap address: 0x0000000085600000, size: 1962 MB, Compressed Oops mode: 32-bit
Narrow klass base: 0x0000000000000000, Narrow klass shift: 3
Compressed class space size: 1073741824 Address: 0x0000000100000000

Heap:
 PSYoungGen      total 36864K, used 36074K [0x00000000d7200000, 0x00000000d9b00000, 0x0000000100000000)
  eden space 31744K, 97% used [0x00000000d7200000,0x00000000d9040400,0x00000000d9100000)
  from space 5120K, 99% used [0x00000000d9100000,0x00000000d95fa4c8,0x00000000d9600000)
  to   space 5120K, 0% used [0x00000000d9600000,0x00000000d9600000,0x00000000d9b00000)
 ParOldGen       total 51200K, used 10736K [0x0000000085600000, 0x0000000088800000, 0x00000000d7200000)
  object space 51200K, 20% used [0x0000000085600000,0x000000008607c008,0x0000000088800000)
 Metaspace       used 29666K, capacity 30932K, committed 31232K, reserved 1077248K
  class space    used 3976K, capacity 4281K, committed 4352K, reserved 1048576K

Card table byte_map: [0x000001e0dc120000,0x000001e0dc500000] byte_map_base: 0x000001e0dbcf5000

Marking Bits: (ParMarkBitMap*) 0x000000005b647fe0
 Begin Bits: [0x000001e0dc790000, 0x000001e0de638000)
 End Bits:   [0x000001e0de638000, 0x000001e0e04e0000)

Polling page: 0x000001e0cb580000

CodeCache: size=245760Kb used=13102Kb max_used=13164Kb free=232657Kb
 bounds [0x000001e0ccd60000, 0x000001e0cda50000, 0x000001e0dbd60000]
 total_blobs=5016 nmethods=4203 adapters=725
 compilation: enabled

Compilation events (10 events):
Event: 27.734 Thread 0x000001e0e19b1000 4318       3       java.util.EnumMap$Values::iterator (13 bytes)
Event: 27.734 Thread 0x000001e0e19b1000 nmethod 4318 0x000001e0ccefe310 code [0x000001e0ccefe4a0, 0x000001e0ccefe878]
Event: 27.734 Thread 0x000001e0e19b1000 4319       3       java.util.EnumMap$ValueIterator::<init> (6 bytes)
Event: 27.734 Thread 0x000001e0e19b1000 nmethod 4319 0x000001e0ccf099d0 code [0x000001e0ccf09b40, 0x000001e0ccf09e58]
Event: 27.734 Thread 0x000001e0e19b1000 4320       3       java.util.EnumMap$ValueIterator::<init> (12 bytes)
Event: 27.735 Thread 0x000001e0e19b1000 nmethod 4320 0x000001e0ccef59d0 code [0x000001e0ccef5b40, 0x000001e0ccef5df8]
Event: 27.735 Thread 0x000001e0e19b1000 4321       3       java.util.EnumMap$EnumMapIterator::<init> (6 bytes)
Event: 27.735 Thread 0x000001e0e19b1000 nmethod 4321 0x000001e0cd01b310 code [0x000001e0cd01b480, 0x000001e0cd01b6b8]
Event: 27.735 Thread 0x000001e0e19b1000 4322       3       java.util.EnumMap$EnumMapIterator::<init> (20 bytes)
Event: 27.735 Thread 0x000001e0e19b1000 nmethod 4322 0x000001e0cd11e690 code [0x000001e0cd11e7e0, 0x000001e0cd11e9b8]

GC Heap History (8 events):
Event: 1.370 GC heap before
{Heap before GC invocations=1 (full 0):
 PSYoungGen      total 36864K, used 31744K [0x00000000d7200000, 0x00000000d9b00000, 0x0000000100000000)
  eden space 31744K, 100% used [0x00000000d7200000,0x00000000d9100000,0x00000000d9100000)
  from space 5120K, 0% used [0x00000000d9600000,0x00000000d9600000,0x00000000d9b00000)
  to   space 5120K, 0% used [0x00000000d9100000,0x00000000d9100000,0x00000000d9600000)
 ParOldGen       total 84992K, used 0K [0x0000000085600000, 0x000000008a900000, 0x00000000d7200000)
  object space 84992K, 0% used [0x0000000085600000,0x0000000085600000,0x000000008a900000)
 Metaspace       used 13492K, capacity 13916K, committed 14080K, reserved 1060864K
  class space    used 1775K, capacity 1929K, committed 2048K, reserved 1048576K
Event: 1.376 GC heap after
Heap after GC invocations=1 (full 0):
 PSYoungGen      total 36864K, used 3968K [0x00000000d7200000, 0x00000000d9b00000, 0x0000000100000000)
  eden space 31744K, 0% used [0x00000000d7200000,0x00000000d7200000,0x00000000d9100000)
  from space 5120K, 77% used [0x00000000d9100000,0x00000000d94e0020,0x00000000d9600000)
  to   space 5120K, 0% used [0x00000000d9600000,0x00000000d9600000,0x00000000d9b00000)
 ParOldGen       total 84992K, used 80K [0x0000000085600000, 0x000000008a900000, 0x00000000d7200000)
  object space 84992K, 0% used [0x0000000085600000,0x0000000085614010,0x000000008a900000)
 Metaspace       used 13492K, capacity 13916K, committed 14080K, reserved 1060864K
  class space    used 1775K, capacity 1929K, committed 2048K, reserved 1048576K
}
Event: 17.754 GC heap before
{Heap before GC invocations=2 (full 0):
 PSYoungGen      total 36864K, used 31321K [0x00000000d7200000, 0x00000000d9b00000, 0x0000000100000000)
  eden space 31744K, 86% used [0x00000000d7200000,0x00000000d8cb65a0,0x00000000d9100000)
  from space 5120K, 77% used [0x00000000d9100000,0x00000000d94e0020,0x00000000d9600000)
  to   space 5120K, 0% used [0x00000000d9600000,0x00000000d9600000,0x00000000d9b00000)
 ParOldGen       total 84992K, used 80K [0x0000000085600000, 0x000000008a900000, 0x00000000d7200000)
  object space 84992K, 0% used [0x0000000085600000,0x0000000085614010,0x000000008a900000)
 Metaspace       used 20327K, capacity 21074K, committed 21248K, reserved 1067008K
  class space    used 2745K, capacity 2954K, committed 3072K, reserved 1048576K
Event: 17.763 GC heap after
Heap after GC invocations=2 (full 0):
 PSYoungGen      total 36864K, used 5088K [0x00000000d7200000, 0x00000000d9b00000, 0x0000000100000000)
  eden space 31744K, 0% used [0x00000000d7200000,0x00000000d7200000,0x00000000d9100000)
  from space 5120K, 99% used [0x00000000d9600000,0x00000000d9af8050,0x00000000d9b00000)
  to   space 5120K, 0% used [0x00000000d9100000,0x00000000d9100000,0x00000000d9600000)
 ParOldGen       total 84992K, used 7279K [0x0000000085600000, 0x000000008a900000, 0x00000000d7200000)
  object space 84992K, 8% used [0x0000000085600000,0x0000000085d1bff8,0x000000008a900000)
 Metaspace       used 20327K, capacity 21074K, committed 21248K, reserved 1067008K
  class space    used 2745K, capacity 2954K, committed 3072K, reserved 1048576K
}
Event: 17.763 GC heap before
{Heap before GC invocations=3 (full 1):
 PSYoungGen      total 36864K, used 5088K [0x00000000d7200000, 0x00000000d9b00000, 0x0000000100000000)
  eden space 31744K, 0% used [0x00000000d7200000,0x00000000d7200000,0x00000000d9100000)
  from space 5120K, 99% used [0x00000000d9600000,0x00000000d9af8050,0x00000000d9b00000)
  to   space 5120K, 0% used [0x00000000d9100000,0x00000000d9100000,0x00000000d9600000)
 ParOldGen       total 84992K, used 7279K [0x0000000085600000, 0x000000008a900000, 0x00000000d7200000)
  object space 84992K, 8% used [0x0000000085600000,0x0000000085d1bff8,0x000000008a900000)
 Metaspace       used 20327K, capacity 21074K, committed 21248K, reserved 1067008K
  class space    used 2745K, capacity 2954K, committed 3072K, reserved 1048576K
Event: 17.801 GC heap after
Heap after GC invocations=3 (full 1):
 PSYoungGen      total 36864K, used 0K [0x00000000d7200000, 0x00000000d9b00000, 0x0000000100000000)
  eden space 31744K, 0% used [0x00000000d7200000,0x00000000d7200000,0x00000000d9100000)
  from space 5120K, 0% used [0x00000000d9600000,0x00000000d9600000,0x00000000d9b00000)
  to   space 5120K, 0% used [0x00000000d9100000,0x00000000d9100000,0x00000000d9600000)
 ParOldGen       total 51200K, used 10235K [0x0000000085600000, 0x0000000088800000, 0x00000000d7200000)
  object space 51200K, 19% used [0x0000000085600000,0x0000000085ffed20,0x0000000088800000)
 Metaspace       used 20327K, capacity 21074K, committed 21248K, reserved 1067008K
  class space    used 2745K, capacity 2954K, committed 3072K, reserved 1048576K
}
Event: 19.201 GC heap before
{Heap before GC invocations=4 (full 1):
 PSYoungGen      total 36864K, used 31744K [0x00000000d7200000, 0x00000000d9b00000, 0x0000000100000000)
  eden space 31744K, 100% used [0x00000000d7200000,0x00000000d9100000,0x00000000d9100000)
  from space 5120K, 0% used [0x00000000d9600000,0x00000000d9600000,0x00000000d9b00000)
  to   space 5120K, 0% used [0x00000000d9100000,0x00000000d9100000,0x00000000d9600000)
 ParOldGen       total 51200K, used 10235K [0x0000000085600000, 0x0000000088800000, 0x00000000d7200000)
  object space 51200K, 19% used [0x0000000085600000,0x0000000085ffed20,0x0000000088800000)
 Metaspace       used 26049K, capacity 26836K, committed 27136K, reserved 1073152K
  class space    used 3499K, capacity 3725K, committed 3840K, reserved 1048576K
Event: 19.208 GC heap after
Heap after GC invocations=4 (full 1):
 PSYoungGen      total 36864K, used 5097K [0x00000000d7200000, 0x00000000d9b00000, 0x0000000100000000)
  eden space 31744K, 0% used [0x00000000d7200000,0x00000000d7200000,0x00000000d9100000)
  from space 5120K, 99% used [0x00000000d9100000,0x00000000d95fa4c8,0x00000000d9600000)
  to   space 5120K, 0% used [0x00000000d9600000,0x00000000d9600000,0x00000000d9b00000)
 ParOldGen       total 51200K, used 10736K [0x0000000085600000, 0x0000000088800000, 0x00000000d7200000)
  object space 51200K, 20% used [0x0000000085600000,0x000000008607c008,0x0000000088800000)
 Metaspace       used 26049K, capacity 26836K, committed 27136K, reserved 1073152K
  class space    used 3499K, capacity 3725K, committed 3840K, reserved 1048576K
}

Deoptimization events (10 events):
Event: 25.233 Thread 0x000001e0e19a3000 Uncommon trap: reason=class_check action=maybe_recompile pc=0x000001e0cd7de00c method=java.util.regex.Matcher.search(I)Z @ 86
Event: 25.233 Thread 0x000001e0e19a3000 Uncommon trap: reason=class_check action=maybe_recompile pc=0x000001e0cd7de00c method=java.util.regex.Matcher.search(I)Z @ 86
Event: 25.233 Thread 0x000001e0e19a3000 Uncommon trap: reason=class_check action=maybe_recompile pc=0x000001e0cd48fe9c method=java.util.regex.Matcher.search(I)Z @ 86
Event: 25.605 Thread 0x000001e0e19a6000 Uncommon trap: reason=unstable_if action=reinterpret pc=0x000001e0cd7078cc method=java.lang.Math.round(F)I @ 36
Event: 25.667 Thread 0x000001e0e19a6000 Uncommon trap: reason=unstable_if action=reinterpret pc=0x000001e0cd786688 method=java.lang.Math.round(F)I @ 36
Event: 25.669 Thread 0x000001e0e19a6000 Uncommon trap: reason=unstable_if action=reinterpret pc=0x000001e0cd788358 method=java.lang.Math.round(F)I @ 36
Event: 27.355 Thread 0x000001e0e19a3000 Uncommon trap: reason=array_check action=maybe_recompile pc=0x000001e0cd16c33c method=com.sun.javafx.css.CompoundSelector.applies(Ljavafx/css/Styleable;[Ljava/util/Set;I)Z @ 128
Event: 27.356 Thread 0x000001e0e19a3000 Uncommon trap: reason=array_check action=maybe_recompile pc=0x000001e0cd16c33c method=com.sun.javafx.css.CompoundSelector.applies(Ljavafx/css/Styleable;[Ljava/util/Set;I)Z @ 128
Event: 27.356 Thread 0x000001e0e19a3000 Uncommon trap: reason=array_check action=maybe_recompile pc=0x000001e0cd16c33c method=com.sun.javafx.css.CompoundSelector.applies(Ljavafx/css/Styleable;[Ljava/util/Set;I)Z @ 128
Event: 27.356 Thread 0x000001e0e19a3000 Uncommon trap: reason=array_check action=maybe_recompile pc=0x000001e0cd16c33c method=com.sun.javafx.css.CompoundSelector.applies(Ljavafx/css/Styleable;[Ljava/util/Set;I)Z @ 128

Classes redefined (0 events):
No events

Internal exceptions (10 events):
Event: 17.539 Thread 0x000001e0e19a3000 Exception <a 'java/lang/ArrayIndexOutOfBoundsException'> (0x00000000d820e798) thrown at [C:\jenkins\workspace\8-2-build-windows-amd64-cygwin\jdk8u271\605\hotspot\src\share\vm\runtime\sharedRuntime.cpp, line 609]
Event: 17.546 Thread 0x000001e0e19a3000 Exception <a 'java/lang/ArrayIndexOutOfBoundsException'> (0x00000000d823b8d8) thrown at [C:\jenkins\workspace\8-2-build-windows-amd64-cygwin\jdk8u271\605\hotspot\src\share\vm\runtime\sharedRuntime.cpp, line 609]
Event: 17.546 Thread 0x000001e0e19a3000 Exception <a 'java/lang/ArrayIndexOutOfBoundsException'> (0x00000000d823ce98) thrown at [C:\jenkins\workspace\8-2-build-windows-amd64-cygwin\jdk8u271\605\hotspot\src\share\vm\runtime\sharedRuntime.cpp, line 609]
Event: 17.547 Thread 0x000001e0e19a3000 Exception <a 'java/lang/ArrayIndexOutOfBoundsException'> (0x00000000d823fbf0) thrown at [C:\jenkins\workspace\8-2-build-windows-amd64-cygwin\jdk8u271\605\hotspot\src\share\vm\runtime\sharedRuntime.cpp, line 609]
Event: 17.552 Thread 0x000001e0e19a3000 Exception <a 'java/lang/ArrayIndexOutOfBoundsException'> (0x00000000d826ce58) thrown at [C:\jenkins\workspace\8-2-build-windows-amd64-cygwin\jdk8u271\605\hotspot\src\share\vm\runtime\sharedRuntime.cpp, line 609]
Event: 17.557 Thread 0x000001e0e19a3000 Exception <a 'java/lang/ArrayIndexOutOfBoundsException'> (0x00000000d828cf70) thrown at [C:\jenkins\workspace\8-2-build-windows-amd64-cygwin\jdk8u271\605\hotspot\src\share\vm\runtime\sharedRuntime.cpp, line 609]
Event: 17.602 Thread 0x000001e0e19a3000 Exception <a 'java/lang/NoClassDefFoundError': oracle/security/pki/OraclePKIProvider> (0x00000000d8466100) thrown at [C:\jenkins\workspace\8-2-build-windows-amd64-cygwin\jdk8u271\605\hotspot\src\share\vm\classfile\systemDictionary.cpp, line 201]
Event: 17.615 Thread 0x000001e0e19a3000 Implicit null exception at 0x000001e0cd040f59 to 0x000001e0cd041309
Event: 23.027 Thread 0x000001e0e19a3000 Exception <a 'java/io/FileNotFoundException'> (0x00000000d7f4cd68) thrown at [C:\jenkins\workspace\8-2-build-windows-amd64-cygwin\jdk8u271\605\hotspot\src\share\vm\prims\jni.cpp, line 710]
Event: 23.049 Thread 0x000001e0e19a3000 Exception <a 'java/lang/ArrayIndexOutOfBoundsException'> (0x00000000d80045f8) thrown at [C:\jenkins\workspace\8-2-build-windows-amd64-cygwin\jdk8u271\605\hotspot\src\share\vm\runtime\sharedRuntime.cpp, line 609]

Events (10 events):
Event: 27.356 Thread 0x000001e0e19a3000 Uncommon trap: trap_request=0xffffffd6 fr.pc=0x000001e0cd16c33c
Event: 27.356 Thread 0x000001e0e19a3000 DEOPT PACKING pc=0x000001e0cd16c33c sp=0x00000035b49fbaa0
Event: 27.356 Thread 0x000001e0e19a3000 DEOPT UNPACKING pc=0x000001e0ccda5843 sp=0x00000035b49fba10 mode 2
Event: 27.356 Thread 0x000001e0e19a3000 Uncommon trap: trap_request=0xffffffd6 fr.pc=0x000001e0cd16c33c
Event: 27.356 Thread 0x000001e0e19a3000 DEOPT PACKING pc=0x000001e0cd16c33c sp=0x00000035b49fba20
Event: 27.356 Thread 0x000001e0e19a3000 DEOPT UNPACKING pc=0x000001e0ccda5843 sp=0x00000035b49fb990 mode 2
Event: 27.375 Executing VM operation: RevokeBias
Event: 27.375 Executing VM operation: RevokeBias done
Event: 27.375 Executing VM operation: RevokeBias
Event: 27.375 Executing VM operation: RevokeBias done


Dynamic libraries:
0x00007ff6e12d0000 - 0x00007ff6e1317000 	C:\Program Files\Java\jdk1.8.0_271\bin\java.exe
0x00007ffec9870000 - 0x00007ffec9a65000 	C:\WINDOWS\SYSTEM32\ntdll.dll
0x00007ffec8f70000 - 0x00007ffec902d000 	C:\WINDOWS\System32\KERNEL32.DLL
0x00007ffec7320000 - 0x00007ffec75e8000 	C:\WINDOWS\System32\KERNELBASE.dll
0x00007ffec7ed0000 - 0x00007ffec7f7c000 	C:\WINDOWS\System32\ADVAPI32.dll
0x00007ffec8420000 - 0x00007ffec84be000 	C:\WINDOWS\System32\msvcrt.dll
0x00007ffec9590000 - 0x00007ffec962b000 	C:\WINDOWS\System32\sechost.dll
0x00007ffec7d50000 - 0x00007ffec7e7b000 	C:\WINDOWS\System32\RPCRT4.dll
0x00007ffec9330000 - 0x00007ffec94d0000 	C:\WINDOWS\System32\USER32.dll
0x00007ffec77f0000 - 0x00007ffec7812000 	C:\WINDOWS\System32\win32u.dll
0x00007ffec8570000 - 0x00007ffec859a000 	C:\WINDOWS\System32\GDI32.dll
0x00007ffec7010000 - 0x00007ffec711b000 	C:\WINDOWS\System32\gdi32full.dll
0x00007ffec7120000 - 0x00007ffec71bd000 	C:\WINDOWS\System32\msvcp_win.dll
0x00007ffec75f0000 - 0x00007ffec76f0000 	C:\WINDOWS\System32\ucrtbase.dll
0x00007ffeb4460000 - 0x00007ffeb46fa000 	C:\WINDOWS\WinSxS\amd64_microsoft.windows.common-controls_6595b64144ccf1df_6.0.19041.844_none_ca00b6081b84eb1d\COMCTL32.dll
0x00007ffec7e80000 - 0x00007ffec7eb0000 	C:\WINDOWS\System32\IMM32.DLL
0x00007ffec3ef0000 - 0x00007ffec3f05000 	C:\Program Files\Java\jdk1.8.0_271\jre\bin\vcruntime140.dll
0x00007ffe85fc0000 - 0x00007ffe8605b000 	C:\Program Files\Java\jdk1.8.0_271\jre\bin\msvcp140.dll
0x000000005ae50000 - 0x000000005b6bf000 	C:\Program Files\Java\jdk1.8.0_271\jre\bin\server\jvm.dll
0x00007ffec9320000 - 0x00007ffec9328000 	C:\WINDOWS\System32\PSAPI.DLL
0x00007ffeae5a0000 - 0x00007ffeae5a9000 	C:\WINDOWS\SYSTEM32\WSOCK32.dll
0x00007ffec8620000 - 0x00007ffec868b000 	C:\WINDOWS\System32\WS2_32.dll
0x00007ffeb6520000 - 0x00007ffeb6547000 	C:\WINDOWS\SYSTEM32\WINMM.dll
0x00007ffeb7370000 - 0x00007ffeb737a000 	C:\WINDOWS\SYSTEM32\VERSION.dll
0x00007ffec58d0000 - 0x00007ffec58e2000 	C:\WINDOWS\SYSTEM32\kernel.appcore.dll
0x00007ffec4d40000 - 0x00007ffec4d50000 	C:\Program Files\Java\jdk1.8.0_271\jre\bin\verify.dll
0x00007ffebcca0000 - 0x00007ffebcccb000 	C:\Program Files\Java\jdk1.8.0_271\jre\bin\java.dll
0x00007ffe8a7e0000 - 0x00007ffe8a810000 	C:\Program Files\Java\jdk1.8.0_271\jre\bin\instrument.dll
0x00007ffe97bd0000 - 0x00007ffe97be8000 	C:\Program Files\Java\jdk1.8.0_271\jre\bin\zip.dll
0x00007ffec8690000 - 0x00007ffec8dd2000 	C:\WINDOWS\System32\SHELL32.dll
0x00007ffec4e50000 - 0x00007ffec55e0000 	C:\WINDOWS\SYSTEM32\windows.storage.dll
0x00007ffec8010000 - 0x00007ffec8365000 	C:\WINDOWS\System32\combase.dll
0x00007ffec6a20000 - 0x00007ffec6a4c000 	C:\WINDOWS\SYSTEM32\Wldp.dll
0x00007ffec84c0000 - 0x00007ffec856e000 	C:\WINDOWS\System32\SHCORE.dll
0x00007ffec94d0000 - 0x00007ffec9525000 	C:\WINDOWS\System32\shlwapi.dll
0x00007ffec6ef0000 - 0x00007ffec6f0f000 	C:\WINDOWS\SYSTEM32\profapi.dll
0x00007ffe8f2a0000 - 0x00007ffe8f2ba000 	C:\Program Files\JetBrains\IntelliJ IDEA Community Edition 2021.1.1\bin\breakgen64.dll
0x00007ffe8dce0000 - 0x00007ffe8dcfc000 	C:\Program Files\Java\jdk1.8.0_271\jre\bin\net.dll
0x00007ffec6790000 - 0x00007ffec67fa000 	C:\WINDOWS\system32\mswsock.dll
0x000001e0e2a70000 - 0x000001e0e2a73000 	C:\Program Files\Java\jdk1.8.0_271\jre\bin\api-ms-win-core-console-l1-1-0.dll
0x000001e0e2a80000 - 0x000001e0e2a83000 	C:\Program Files\Java\jdk1.8.0_271\jre\bin\api-ms-win-core-console-l1-2-0.dll
0x000001e0e2a90000 - 0x000001e0e2a93000 	C:\Program Files\Java\jdk1.8.0_271\jre\bin\api-ms-win-core-datetime-l1-1-0.dll
0x000001e0e2aa0000 - 0x000001e0e2aa3000 	C:\Program Files\Java\jdk1.8.0_271\jre\bin\api-ms-win-core-debug-l1-1-0.dll
0x000001e0e2ab0000 - 0x000001e0e2ab3000 	C:\Program Files\Java\jdk1.8.0_271\jre\bin\api-ms-win-core-errorhandling-l1-1-0.dll
0x000001e0e2ac0000 - 0x000001e0e2ac4000 	C:\Program Files\Java\jdk1.8.0_271\jre\bin\api-ms-win-core-file-l1-1-0.dll
0x000001e0e2ad0000 - 0x000001e0e2ad3000 	C:\Program Files\Java\jdk1.8.0_271\jre\bin\api-ms-win-core-file-l1-2-0.dll
0x000001e0e2ae0000 - 0x000001e0e2ae3000 	C:\Program Files\Java\jdk1.8.0_271\jre\bin\api-ms-win-core-file-l2-1-0.dll
0x000001e0e2af0000 - 0x000001e0e2af3000 	C:\Program Files\Java\jdk1.8.0_271\jre\bin\api-ms-win-core-handle-l1-1-0.dll
0x000001e0e2b00000 - 0x000001e0e2b03000 	C:\Program Files\Java\jdk1.8.0_271\jre\bin\api-ms-win-core-heap-l1-1-0.dll
0x000001e0e2b10000 - 0x000001e0e2b13000 	C:\Program Files\Java\jdk1.8.0_271\jre\bin\api-ms-win-core-interlocked-l1-1-0.dll
0x000001e0e2b20000 - 0x000001e0e2b23000 	C:\Program Files\Java\jdk1.8.0_271\jre\bin\api-ms-win-core-libraryloader-l1-1-0.dll
0x000001e0e2b30000 - 0x000001e0e2b33000 	C:\Program Files\Java\jdk1.8.0_271\jre\bin\api-ms-win-core-localization-l1-2-0.dll
0x000001e0e2b40000 - 0x000001e0e2b43000 	C:\Program Files\Java\jdk1.8.0_271\jre\bin\api-ms-win-core-memory-l1-1-0.dll
0x000001e0e2b50000 - 0x000001e0e2b53000 	C:\Program Files\Java\jdk1.8.0_271\jre\bin\api-ms-win-core-namedpipe-l1-1-0.dll
0x000001e0e2b60000 - 0x000001e0e2b63000 	C:\Program Files\Java\jdk1.8.0_271\jre\bin\api-ms-win-core-processenvironment-l1-1-0.dll
0x000001e0e2b70000 - 0x000001e0e2b73000 	C:\Program Files\Java\jdk1.8.0_271\jre\bin\api-ms-win-core-processthreads-l1-1-0.dll
0x000001e0e2b80000 - 0x000001e0e2b83000 	C:\Program Files\Java\jdk1.8.0_271\jre\bin\api-ms-win-core-processthreads-l1-1-1.dll
0x000001e0e2b90000 - 0x000001e0e2b93000 	C:\Program Files\Java\jdk1.8.0_271\jre\bin\api-ms-win-core-profile-l1-1-0.dll
0x000001e0e2ba0000 - 0x000001e0e2ba3000 	C:\Program Files\Java\jdk1.8.0_271\jre\bin\api-ms-win-core-rtlsupport-l1-1-0.dll
0x000001e0e2bb0000 - 0x000001e0e2bb3000 	C:\Program Files\Java\jdk1.8.0_271\jre\bin\api-ms-win-core-string-l1-1-0.dll
0x000001e0e2bc0000 - 0x000001e0e2bc3000 	C:\Program Files\Java\jdk1.8.0_271\jre\bin\api-ms-win-core-synch-l1-1-0.dll
0x000001e0e2bd0000 - 0x000001e0e2bd3000 	C:\Program Files\Java\jdk1.8.0_271\jre\bin\api-ms-win-core-synch-l1-2-0.dll
0x000001e0e2be0000 - 0x000001e0e2be3000 	C:\Program Files\Java\jdk1.8.0_271\jre\bin\api-ms-win-core-sysinfo-l1-1-0.dll
0x000001e0e2bf0000 - 0x000001e0e2bf3000 	C:\Program Files\Java\jdk1.8.0_271\jre\bin\api-ms-win-core-timezone-l1-1-0.dll
0x000001e0e2c00000 - 0x000001e0e2c03000 	C:\Program Files\Java\jdk1.8.0_271\jre\bin\api-ms-win-core-util-l1-1-0.dll
0x000001e0e2c10000 - 0x000001e0e2c13000 	C:\Program Files\Java\jdk1.8.0_271\jre\bin\api-ms-win-crt-conio-l1-1-0.dll
0x000001e0e2c20000 - 0x000001e0e2c24000 	C:\Program Files\Java\jdk1.8.0_271\jre\bin\api-ms-win-crt-convert-l1-1-0.dll
0x000001e0e2c30000 - 0x000001e0e2c33000 	C:\Program Files\Java\jdk1.8.0_271\jre\bin\api-ms-win-crt-environment-l1-1-0.dll
0x000001e0e2c40000 - 0x000001e0e2c43000 	C:\Program Files\Java\jdk1.8.0_271\jre\bin\api-ms-win-crt-filesystem-l1-1-0.dll
0x000001e0e2c50000 - 0x000001e0e2c53000 	C:\Program Files\Java\jdk1.8.0_271\jre\bin\api-ms-win-crt-heap-l1-1-0.dll
0x000001e0e2c60000 - 0x000001e0e2c63000 	C:\Program Files\Java\jdk1.8.0_271\jre\bin\api-ms-win-crt-locale-l1-1-0.dll
0x000001e0e2c70000 - 0x000001e0e2c75000 	C:\Program Files\Java\jdk1.8.0_271\jre\bin\api-ms-win-crt-math-l1-1-0.dll
0x000001e0e2c80000 - 0x000001e0e2c85000 	C:\Program Files\Java\jdk1.8.0_271\jre\bin\api-ms-win-crt-multibyte-l1-1-0.dll
0x000001e0e2c90000 - 0x000001e0e2ca0000 	C:\Program Files\Java\jdk1.8.0_271\jre\bin\api-ms-win-crt-private-l1-1-0.dll
0x000001e0e2ca0000 - 0x000001e0e2ca3000 	C:\Program Files\Java\jdk1.8.0_271\jre\bin\api-ms-win-crt-process-l1-1-0.dll
0x000001e0e2cb0000 - 0x000001e0e2cb4000 	C:\Program Files\Java\jdk1.8.0_271\jre\bin\api-ms-win-crt-runtime-l1-1-0.dll
0x000001e0e2cc0000 - 0x000001e0e2cc4000 	C:\Program Files\Java\jdk1.8.0_271\jre\bin\api-ms-win-crt-stdio-l1-1-0.dll
0x000001e0e2cd0000 - 0x000001e0e2cd4000 	C:\Program Files\Java\jdk1.8.0_271\jre\bin\api-ms-win-crt-string-l1-1-0.dll
0x000001e0e2ce0000 - 0x000001e0e2ce3000 	C:\Program Files\Java\jdk1.8.0_271\jre\bin\api-ms-win-crt-time-l1-1-0.dll
0x000001e0e2cf0000 - 0x000001e0e2cf3000 	C:\Program Files\Java\jdk1.8.0_271\jre\bin\api-ms-win-crt-utility-l1-1-0.dll
0x00007ffe7fc00000 - 0x00007ffe7fcfa000 	C:\Program Files\Java\jdk1.8.0_271\jre\bin\ucrtbase.dll
0x00007ffec4940000 - 0x00007ffec494c000 	C:\Windows\System32\vcruntime140_1.dll
0x00007ffe89220000 - 0x00007ffe89243000 	C:\Program Files\Java\jdk1.8.0_271\jre\bin\prism_d3d.dll
0x00007ffe80150000 - 0x00007ffe8031e000 	C:\WINDOWS\system32\d3d9.dll
0x00007ffec4360000 - 0x00007ffec438f000 	C:\WINDOWS\SYSTEM32\dwmapi.dll
0x00007ffec4170000 - 0x00007ffec420e000 	C:\WINDOWS\system32\uxtheme.dll
0x00007ffec77c0000 - 0x00007ffec77e7000 	C:\WINDOWS\System32\bcrypt.dll
0x00007ffe891d0000 - 0x00007ffe89215000 	C:\Program Files\Java\jdk1.8.0_271\jre\bin\glass.dll
0x00007ffec9750000 - 0x00007ffec982a000 	C:\WINDOWS\System32\COMDLG32.dll
0x00007ffec8e40000 - 0x00007ffec8f6a000 	C:\WINDOWS\System32\ole32.dll
0x00007ffec9250000 - 0x00007ffec931d000 	C:\WINDOWS\System32\OLEAUT32.dll
0x00007ffec9630000 - 0x00007ffec9745000 	C:\WINDOWS\System32\MSCTF.dll
0x00007ffec76f0000 - 0x00007ffec7770000 	C:\WINDOWS\System32\bcryptPrimitives.dll
0x00007ffe84c40000 - 0x00007ffe84e1b000 	C:\WINDOWS\System32\DriverStore\FileRepository\u0358376.inf_amd64_1aefb33b1784bbc2\B358374\aticfx64.dll
0x00007ffe89680000 - 0x00007ffe896b3000 	C:\WINDOWS\System32\DriverStore\FileRepository\u0358376.inf_amd64_1aefb33b1784bbc2\B358374\atiu9p64.dll
0x00007ffe666e0000 - 0x00007ffe673b8000 	C:\WINDOWS\System32\DriverStore\FileRepository\u0358376.inf_amd64_1aefb33b1784bbc2\B358374\atiumd64.dll
0x00007ffebd460000 - 0x00007ffebd644000 	C:\WINDOWS\SYSTEM32\dbghelp.dll
0x00007ffeb0060000 - 0x00007ffeb008c000 	C:\WINDOWS\SYSTEM32\dbgcore.DLL
0x0000000059fc0000 - 0x000000005ae4e000 	C:\WINDOWS\System32\DriverStore\FileRepository\u0358376.inf_amd64_1aefb33b1784bbc2\B358374\atiumd6a.dll
0x00007ffec65a0000 - 0x00007ffec65eb000 	C:\WINDOWS\SYSTEM32\POWRPROF.dll
0x00007ffec6410000 - 0x00007ffec6422000 	C:\WINDOWS\SYSTEM32\UMPDC.dll
0x00007ffec1520000 - 0x00007ffec154f000 	C:\WINDOWS\SYSTEM32\amdihk64.dll
0x00007ffebba40000 - 0x00007ffebba7b000 	C:\WINDOWS\SYSTEM32\dxcore.dll
0x00007ffec7770000 - 0x00007ffec77be000 	C:\WINDOWS\System32\cfgmgr32.dll
0x00007ffe7ddf0000 - 0x00007ffe7df53000 	C:\WINDOWS\System32\DriverStore\FileRepository\iigd_dch.inf_amd64_a086f01cc7be643a\igdumdim64.dll
0x00007ffe582e0000 - 0x00007ffe5bce4000 	C:\WINDOWS\System32\DriverStore\FileRepository\iigd_dch.inf_amd64_a086f01cc7be643a\igd9dxva64.dll
0x00007ffec78d0000 - 0x00007ffec7d39000 	C:\WINDOWS\System32\SETUPAPI.dll
0x00007ffeba0f0000 - 0x00007ffeba32f000 	C:\WINDOWS\System32\DriverStore\FileRepository\iigd_dch.inf_amd64_a086f01cc7be643a\igdgmm64.dll
0x00007ffe86750000 - 0x00007ffe86777000 	C:\WINDOWS\System32\DriverStore\FileRepository\iigd_dch.inf_amd64_a086f01cc7be643a\igdinfo64.dll
0x00007ffeb7480000 - 0x00007ffeba0e2000 	C:\WINDOWS\System32\DriverStore\FileRepository\iigd_dch.inf_amd64_a086f01cc7be643a\igc64.dll
0x00007ffe8a720000 - 0x00007ffe8a734000 	C:\Program Files\Java\jdk1.8.0_271\jre\bin\javafx_font.dll
0x00007ffe8d470000 - 0x00007ffe8d6ef000 	C:\WINDOWS\SYSTEM32\dwrite.dll
0x00007ffec8370000 - 0x00007ffec8419000 	C:\WINDOWS\System32\clbcatq.dll
0x00007ffec0380000 - 0x00007ffec0534000 	C:\WINDOWS\SYSTEM32\WindowsCodecs.dll
0x00007ffe8f310000 - 0x00007ffe8f34e000 	C:\WINDOWS\system32\dataexchange.dll
0x00007ffec2600000 - 0x00007ffec2864000 	C:\WINDOWS\system32\d3d11.dll
0x00007ffec33d0000 - 0x00007ffec35b5000 	C:\WINDOWS\system32\dcomp.dll
0x00007ffec58f0000 - 0x00007ffec59e4000 	C:\WINDOWS\system32\dxgi.dll
0x00007ffec0580000 - 0x00007ffec0781000 	C:\WINDOWS\system32\twinapi.appcore.dll
0x00007ffe89640000 - 0x00007ffe89674000 	C:\Program Files\Common Files\Microsoft Shared\Ink\rtscom.dll
0x00007ffe95bb0000 - 0x00007ffe95ca9000 	C:\WINDOWS\SYSTEM32\textinputframework.dll
0x00007ffec35c0000 - 0x00007ffec391e000 	C:\WINDOWS\System32\CoreUIComponents.dll
0x00007ffec3ca0000 - 0x00007ffec3d92000 	C:\WINDOWS\System32\CoreMessaging.dll
0x00007ffec5cf0000 - 0x00007ffec5d23000 	C:\WINDOWS\SYSTEM32\ntmarta.dll
0x00007ffec24a0000 - 0x00007ffec25f4000 	C:\WINDOWS\SYSTEM32\wintypes.dll
0x00007ffe8a630000 - 0x00007ffe8a642000 	C:\Program Files\Java\jdk1.8.0_271\jre\bin\prism_common.dll
0x00007ffec4cb0000 - 0x00007ffec4cbd000 	C:\Program Files\Java\jdk1.8.0_271\jre\bin\management.dll
0x00007ffe8b000000 - 0x00007ffe8b013000 	C:\Program Files\Java\jdk1.8.0_271\jre\bin\nio.dll

VM Arguments:
jvm_args: -javaagent:C:\Program Files\JetBrains\IntelliJ IDEA Community Edition 2021.1.1\lib\idea_rt.jar=63969:C:\Program Files\JetBrains\IntelliJ IDEA Community Edition 2021.1.1\bin -Dfile.encoding=UTF-8 
java_command: sample.Main
java_class_path (initial): C:\Program Files\Java\jdk1.8.0_271\jre\lib\charsets.jar;C:\Program Files\Java\jdk1.8.0_271\jre\lib\deploy.jar;C:\Program Files\Java\jdk1.8.0_271\jre\lib\ext\access-bridge-64.jar;C:\Program Files\Java\jdk1.8.0_271\jre\lib\ext\cldrdata.jar;C:\Program Files\Java\jdk1.8.0_271\jre\lib\ext\dnsns.jar;C:\Program Files\Java\jdk1.8.0_271\jre\lib\ext\jaccess.jar;C:\Program Files\Java\jdk1.8.0_271\jre\lib\ext\jfxrt.jar;C:\Program Files\Java\jdk1.8.0_271\jre\lib\ext\localedata.jar;C:\Program Files\Java\jdk1.8.0_271\jre\lib\ext\nashorn.jar;C:\Program Files\Java\jdk1.8.0_271\jre\lib\ext\sunec.jar;C:\Program Files\Java\jdk1.8.0_271\jre\lib\ext\sunjce_provider.jar;C:\Program Files\Java\jdk1.8.0_271\jre\lib\ext\sunmscapi.jar;C:\Program Files\Java\jdk1.8.0_271\jre\lib\ext\sunpkcs11.jar;C:\Program Files\Java\jdk1.8.0_271\jre\lib\ext\zipfs.jar;C:\Program Files\Java\jdk1.8.0_271\jre\lib\javaws.jar;C:\Program Files\Java\jdk1.8.0_271\jre\lib\jce.jar;C:\Program Files\Java\jdk1.8.0_271\jre\lib\jfr.jar;C:\Program Files\Java\jdk1.8.0_271\jre\lib\jfxswt.jar;C:\Program Files\Java\jdk1.8.0_271\jre\lib\jsse.jar;C:\Program Files\Java\jdk1.8.0_271\jre\lib\management-agent.jar;C:\Program Files\Java\jdk1.8.0_271\jre\lib\plugin.jar;C:\Program Files\Java\jdk1.8.0_271\jre\lib\resources.jar;C:\Program Files\Java\jdk1.8.0_271\jre\lib\rt.jar;C:\Users\educa\Desktop\6 семестр\Java\Проекты\kino\out\production\kino;C:\Users\educa\Downloads\ojdbc8.jar;C:\Program Files (x86)\MySQL\Connector J 8.0\mysql-connector-java-8.0.24.jar;C:\Program Files\JetBrains\IntelliJ IDEA Community Edition 2021.1.1\lib\idea_rt.jar
Launcher Type: SUN_STANDARD

Environment Variables:
PATH=C:\app\educa\product\18.0.0\dbhomeXE\bin;C:\Program Files (x86)\Windows Resource Kits\Tools\;C:\Program Files (x86)\Common Files\Oracle\Java\javapath;C:\WINDOWS\system32;C:\WINDOWS;C:\WINDOWS\System32\Wbem;C:\WINDOWS\System32\WindowsPowerShell\v1.0\;C:\WINDOWS\System32\OpenSSH\;C:\Program Files\Microsoft SQL Server\Client SDK\ODBC\170\Tools\Binn\;C:\Program Files (x86)\Microsoft SQL Server\150\Tools\Binn\;C:\Program Files\Microsoft SQL Server\150\Tools\Binn\;C:\Program Files\Microsoft SQL Server\150\DTS\Binn\;C:\Program Files\dotnet\;C:\Program Files (x86)\Microsoft SQL Server\150\DTS\Binn\;C:\Program Files\Azure Data Studio\bin;D:\Program Files\MATLAB\R2021a\bin;C:\Program Files\Java\jdk1.8.0_271\bin;C:\Python392\Scripts\;C:\Python392\;C:\Users\educa\AppData\Local\Microsoft\WindowsApps;;C:\Program Files\Azure Data Studio\bin
USERNAME=educa
OS=Windows_NT
PROCESSOR_IDENTIFIER=Intel64 Family 6 Model 142 Stepping 9, GenuineIntel



---------------  S Y S T E M  ---------------

OS: Windows 10.0 , 64 bit Build 19041 (10.0.19041.928)

CPU:total 4 (initial active 4) (2 cores per cpu, 2 threads per core) family 6 model 142 stepping 9, cmov, cx8, fxsr, mmx, sse, sse2, sse3, ssse3, sse4.1, sse4.2, popcnt, avx, avx2, aes, clmul, erms, 3dnowpref, lzcnt, ht, tsc, tscinvbit, bmi1, bmi2, adx

Memory: 4k page, physical 8033940k(1044180k free), swap 32151188k(4128k free)

vm_info: Java HotSpot(TM) 64-Bit Server VM (25.271-b09) for windows-amd64 JRE (1.8.0_271-b09), built on Sep 16 2020 19:14:59 by "" with MS VC++ 15.9 (VS2017)

time: Wed Jun  2 11:22:38 2021
timezone: RTZ 2 (зима)
elapsed time: 27.898909 seconds (0d 0h 0m 27s)

