#
# There is insufficient memory for the Java Runtime Environment to continue.
# Native memory allocation (malloc) failed to allocate 368816 bytes for Chunk::new
# Possible reasons:
#   The system is out of physical RAM or swap space
#   The process is running with CompressedOops enabled, and the Java Heap may be blocking the growth of the native heap
# Possible solutions:
#   Reduce memory load on the system
#   Increase physical memory or swap space
#   Check if swap backing store is full
#   Decrease Java heap size (-Xmx/-Xms)
#   Decrease number of Java threads
#   Decrease Java thread stack sizes (-Xss)
#   Set larger code cache with -XX:ReservedCodeCacheSize=
#   JVM is running with Unscaled Compressed Oops mode in which the Java heap is
#     placed in the first 4GB address space. The Java Heap base address is the
#     maximum limit for the native heap growth. Please use -XX:HeapBaseMinAddress
#     to set the Java Heap base and to place the Java Heap above 4GB virtual address.
# This output file may be truncated or incomplete.
#
#  Out of Memory Error (allocation.cpp:389), pid=11176, tid=0x0000000000003120
#
# JRE version: Java(TM) SE Runtime Environment (8.0_271-b09) (build 1.8.0_271-b09)
# Java VM: Java HotSpot(TM) 64-Bit Server VM (25.271-b09 mixed mode windows-amd64 compressed oops)
# Failed to write core dump. Minidumps are not enabled by default on client versions of Windows
#

---------------  T H R E A D  ---------------

Current thread (0x000001c07d547000):  JavaThread "C2 CompilerThread1" daemon [_thread_in_native, id=12576, stack(0x00000089c2f00000,0x00000089c3000000)]

Stack: [0x00000089c2f00000,0x00000089c3000000]
Native frames: (J=compiled Java code, j=interpreted, Vv=VM code, C=native code)
V  [jvm.dll+0x33f6c9]


Current CompileTask:
C2:  21830 4295       4       java.util.regex.Pattern::split (290 bytes)


---------------  P R O C E S S  ---------------

Java Threads: ( => current thread )
  0x000001c07e29a000 JavaThread "mysql-cj-abandoned-connection-cleanup" daemon [_thread_blocked, id=10692, stack(0x00000089c4300000,0x00000089c4400000)]
  0x000001c07f0ae800 JavaThread "Prism Font Disposer" daemon [_thread_blocked, id=7932, stack(0x00000089c4000000,0x00000089c4100000)]
  0x000001c07ed53000 JavaThread "Thread-3" daemon [_thread_in_native, id=10392, stack(0x00000089c3d00000,0x00000089c3e00000)]
  0x000001c07ed8e000 JavaThread "JavaFX-Launcher" [_thread_blocked, id=14912, stack(0x00000089c3e00000,0x00000089c3f00000)]
  0x000001c07e3d0000 JavaThread "JavaFX Application Thread" [_thread_in_native, id=15404, stack(0x00000089c3800000,0x00000089c3900000)]
  0x000001c07e3f6800 JavaThread "Thread-1" daemon [_thread_blocked, id=7712, stack(0x00000089c3700000,0x00000089c3800000)]
  0x000001c07e39c800 JavaThread "QuantumRenderer-0" daemon [_thread_blocked, id=12340, stack(0x00000089c3300000,0x00000089c3400000)]
  0x000001c07e0d1800 JavaThread "Service Thread" daemon [_thread_blocked, id=13396, stack(0x00000089c3100000,0x00000089c3200000)]
  0x000001c07e098800 JavaThread "C1 CompilerThread2" daemon [_thread_blocked, id=12100, stack(0x00000089c3000000,0x00000089c3100000)]
=>0x000001c07d547000 JavaThread "C2 CompilerThread1" daemon [_thread_in_native, id=12576, stack(0x00000089c2f00000,0x00000089c3000000)]
  0x000001c07d543800 JavaThread "C2 CompilerThread0" daemon [_thread_blocked, id=15676, stack(0x00000089c2e00000,0x00000089c2f00000)]
  0x000001c07d541000 JavaThread "Monitor Ctrl-Break" daemon [_thread_in_native, id=8516, stack(0x00000089c2d00000,0x00000089c2e00000)]
  0x000001c07d4d8000 JavaThread "Attach Listener" daemon [_thread_blocked, id=16180, stack(0x00000089c2c00000,0x00000089c2d00000)]
  0x000001c07d4df000 JavaThread "Signal Dispatcher" daemon [_thread_blocked, id=8136, stack(0x00000089c2b00000,0x00000089c2c00000)]
  0x000001c07cd8a800 JavaThread "Finalizer" daemon [_thread_blocked, id=9384, stack(0x00000089c2a00000,0x00000089c2b00000)]
  0x000001c07d4b6000 JavaThread "Reference Handler" daemon [_thread_blocked, id=5568, stack(0x00000089c2900000,0x00000089c2a00000)]
  0x000001c067007800 JavaThread "main" [_thread_blocked, id=828, stack(0x00000089c2200000,0x00000089c2300000)]

Other Threads:
  0x000001c07d491800 VMThread [stack: 0x00000089c2800000,0x00000089c2900000] [id=592]
  0x000001c07d5ee000 WatcherThread [stack: 0x00000089c3200000,0x00000089c3300000] [id=14500]

VM state:not at safepoint (normal execution)

VM Mutex/Monitor currently owned by a thread: None

heap address: 0x0000000085600000, size: 1962 MB, Compressed Oops mode: 32-bit
Narrow klass base: 0x0000000000000000, Narrow klass shift: 3
Compressed class space size: 1073741824 Address: 0x0000000100000000

Heap:
 PSYoungGen      total 36864K, used 9119K [0x00000000d7200000, 0x00000000d9b00000, 0x0000000100000000)
  eden space 31744K, 12% used [0x00000000d7200000,0x00000000d75e8fc8,0x00000000d9100000)
  from space 5120K, 99% used [0x00000000d9600000,0x00000000d9afec78,0x00000000d9b00000)
  to   space 5120K, 0% used [0x00000000d9100000,0x00000000d9100000,0x00000000d9600000)
 ParOldGen       total 48640K, used 15245K [0x0000000085600000, 0x0000000088580000, 0x00000000d7200000)
  object space 48640K, 31% used [0x0000000085600000,0x00000000864e36a8,0x0000000088580000)
 Metaspace       used 29860K, capacity 31114K, committed 31232K, reserved 1077248K
  class space    used 3989K, capacity 4280K, committed 4352K, reserved 1048576K

Card table byte_map: [0x000001c077cf0000,0x000001c0780d0000] byte_map_base: 0x000001c0778c5000

Marking Bits: (ParMarkBitMap*) 0x000000005b647fe0
 Begin Bits: [0x000001c078360000, 0x000001c07a208000)
 End Bits:   [0x000001c07a208000, 0x000001c07c0b0000)

Polling page: 0x000001c066fb0000

CodeCache: size=245760Kb used=12544Kb max_used=12786Kb free=233216Kb
 bounds [0x000001c068930000, 0x000001c0695c0000, 0x000001c077930000]
 total_blobs=4901 nmethods=4084 adapters=729
 compilation: enabled

Compilation events (10 events):
Event: 21.777 Thread 0x000001c07d543800 4324       4       java.util.regex.Matcher::search (109 bytes)
Event: 21.784 Thread 0x000001c07d543800 nmethod 4324 0x000001c068f3ce50 code [0x000001c068f3cfa0, 0x000001c068f3d278]
Event: 21.784 Thread 0x000001c07d543800 4304       4       sun.security.provider.SHA5::implCompress (331 bytes)
Event: 21.788 Thread 0x000001c07e098800 4335       1       com.mysql.cj.conf.AbstractRuntimeProperty::getInitialValue (5 bytes)
Event: 21.788 Thread 0x000001c07e098800 nmethod 4335 0x000001c068e6a4d0 code [0x000001c068e6a620, 0x000001c068e6a738]
Event: 21.790 Thread 0x000001c07e098800 4336       3       java.nio.ByteBuffer::order (48 bytes)
Event: 21.790 Thread 0x000001c07e098800 nmethod 4336 0x000001c068e85550 code [0x000001c068e856c0, 0x000001c068e85958]
Event: 21.796 Thread 0x000001c07d543800 nmethod 4304 0x000001c068f740d0 code [0x000001c068f74220, 0x000001c068f745c8]
Event: 21.796 Thread 0x000001c07d543800 4334       4       java.lang.Character::toLowerCase (6 bytes)
Event: 21.799 Thread 0x000001c07d543800 nmethod 4334 0x000001c068dde750 code [0x000001c068dde960, 0x000001c068ddeab8]

GC Heap History (10 events):
Event: 2.193 GC heap before
{Heap before GC invocations=1 (full 0):
 PSYoungGen      total 36864K, used 31744K [0x00000000d7200000, 0x00000000d9b00000, 0x0000000100000000)
  eden space 31744K, 100% used [0x00000000d7200000,0x00000000d9100000,0x00000000d9100000)
  from space 5120K, 0% used [0x00000000d9600000,0x00000000d9600000,0x00000000d9b00000)
  to   space 5120K, 0% used [0x00000000d9100000,0x00000000d9100000,0x00000000d9600000)
 ParOldGen       total 84992K, used 0K [0x0000000085600000, 0x000000008a900000, 0x00000000d7200000)
  object space 84992K, 0% used [0x0000000085600000,0x0000000085600000,0x000000008a900000)
 Metaspace       used 13454K, capacity 13916K, committed 14080K, reserved 1060864K
  class space    used 1773K, capacity 1929K, committed 2048K, reserved 1048576K
Event: 2.199 GC heap after
Heap after GC invocations=1 (full 0):
 PSYoungGen      total 36864K, used 3904K [0x00000000d7200000, 0x00000000d9b00000, 0x0000000100000000)
  eden space 31744K, 0% used [0x00000000d7200000,0x00000000d7200000,0x00000000d9100000)
  from space 5120K, 76% used [0x00000000d9100000,0x00000000d94d0020,0x00000000d9600000)
  to   space 5120K, 0% used [0x00000000d9600000,0x00000000d9600000,0x00000000d9b00000)
 ParOldGen       total 84992K, used 80K [0x0000000085600000, 0x000000008a900000, 0x00000000d7200000)
  object space 84992K, 0% used [0x0000000085600000,0x0000000085614010,0x000000008a900000)
 Metaspace       used 13454K, capacity 13916K, committed 14080K, reserved 1060864K
  class space    used 1773K, capacity 1929K, committed 2048K, reserved 1048576K
}
Event: 11.880 GC heap before
{Heap before GC invocations=2 (full 0):
 PSYoungGen      total 36864K, used 31807K [0x00000000d7200000, 0x00000000d9b00000, 0x0000000100000000)
  eden space 31744K, 87% used [0x00000000d7200000,0x00000000d8d3fc50,0x00000000d9100000)
  from space 5120K, 76% used [0x00000000d9100000,0x00000000d94d0020,0x00000000d9600000)
  to   space 5120K, 0% used [0x00000000d9600000,0x00000000d9600000,0x00000000d9b00000)
 ParOldGen       total 84992K, used 80K [0x0000000085600000, 0x000000008a900000, 0x00000000d7200000)
  object space 84992K, 0% used [0x0000000085600000,0x0000000085614010,0x000000008a900000)
 Metaspace       used 20351K, capacity 21074K, committed 21248K, reserved 1067008K
  class space    used 2749K, capacity 2954K, committed 3072K, reserved 1048576K
Event: 11.893 GC heap after
Heap after GC invocations=2 (full 0):
 PSYoungGen      total 36864K, used 5088K [0x00000000d7200000, 0x00000000d9b00000, 0x0000000100000000)
  eden space 31744K, 0% used [0x00000000d7200000,0x00000000d7200000,0x00000000d9100000)
  from space 5120K, 99% used [0x00000000d9600000,0x00000000d9af8040,0x00000000d9b00000)
  to   space 5120K, 0% used [0x00000000d9100000,0x00000000d9100000,0x00000000d9600000)
 ParOldGen       total 84992K, used 5280K [0x0000000085600000, 0x000000008a900000, 0x00000000d7200000)
  object space 84992K, 6% used [0x0000000085600000,0x0000000085b28340,0x000000008a900000)
 Metaspace       used 20351K, capacity 21074K, committed 21248K, reserved 1067008K
  class space    used 2749K, capacity 2954K, committed 3072K, reserved 1048576K
}
Event: 11.893 GC heap before
{Heap before GC invocations=3 (full 1):
 PSYoungGen      total 36864K, used 5088K [0x00000000d7200000, 0x00000000d9b00000, 0x0000000100000000)
  eden space 31744K, 0% used [0x00000000d7200000,0x00000000d7200000,0x00000000d9100000)
  from space 5120K, 99% used [0x00000000d9600000,0x00000000d9af8040,0x00000000d9b00000)
  to   space 5120K, 0% used [0x00000000d9100000,0x00000000d9100000,0x00000000d9600000)
 ParOldGen       total 84992K, used 5280K [0x0000000085600000, 0x000000008a900000, 0x00000000d7200000)
  object space 84992K, 6% used [0x0000000085600000,0x0000000085b28340,0x000000008a900000)
 Metaspace       used 20351K, capacity 21074K, committed 21248K, reserved 1067008K
  class space    used 2749K, capacity 2954K, committed 3072K, reserved 1048576K
Event: 11.977 GC heap after
Heap after GC invocations=3 (full 1):
 PSYoungGen      total 36864K, used 0K [0x00000000d7200000, 0x00000000d9b00000, 0x0000000100000000)
  eden space 31744K, 0% used [0x00000000d7200000,0x00000000d7200000,0x00000000d9100000)
  from space 5120K, 0% used [0x00000000d9600000,0x00000000d9600000,0x00000000d9b00000)
  to   space 5120K, 0% used [0x00000000d9100000,0x00000000d9100000,0x00000000d9600000)
 ParOldGen       total 48640K, used 10234K [0x0000000085600000, 0x0000000088580000, 0x00000000d7200000)
  object space 48640K, 21% used [0x0000000085600000,0x0000000085ffe890,0x0000000088580000)
 Metaspace       used 20351K, capacity 21074K, committed 21248K, reserved 1067008K
  class space    used 2749K, capacity 2954K, committed 3072K, reserved 1048576K
}
Event: 13.565 GC heap before
{Heap before GC invocations=4 (full 1):
 PSYoungGen      total 36864K, used 31744K [0x00000000d7200000, 0x00000000d9b00000, 0x0000000100000000)
  eden space 31744K, 100% used [0x00000000d7200000,0x00000000d9100000,0x00000000d9100000)
  from space 5120K, 0% used [0x00000000d9600000,0x00000000d9600000,0x00000000d9b00000)
  to   space 5120K, 0% used [0x00000000d9100000,0x00000000d9100000,0x00000000d9600000)
 ParOldGen       total 48640K, used 10234K [0x0000000085600000, 0x0000000088580000, 0x00000000d7200000)
  object space 48640K, 21% used [0x0000000085600000,0x0000000085ffe890,0x0000000088580000)
 Metaspace       used 26043K, capacity 26836K, committed 27136K, reserved 1073152K
  class space    used 3498K, capacity 3725K, committed 3840K, reserved 1048576K
Event: 13.571 GC heap after
Heap after GC invocations=4 (full 1):
 PSYoungGen      total 36864K, used 5108K [0x00000000d7200000, 0x00000000d9b00000, 0x0000000100000000)
  eden space 31744K, 0% used [0x00000000d7200000,0x00000000d7200000,0x00000000d9100000)
  from space 5120K, 99% used [0x00000000d9100000,0x00000000d95fd080,0x00000000d9600000)
  to   space 5120K, 0% used [0x00000000d9600000,0x00000000d9600000,0x00000000d9b00000)
 ParOldGen       total 48640K, used 10696K [0x0000000085600000, 0x0000000088580000, 0x00000000d7200000)
  object space 48640K, 21% used [0x0000000085600000,0x0000000086072210,0x0000000088580000)
 Metaspace       used 26043K, capacity 26836K, committed 27136K, reserved 1073152K
  class space    used 3498K, capacity 3725K, committed 3840K, reserved 1048576K
}
Event: 21.147 GC heap before
{Heap before GC invocations=5 (full 1):
 PSYoungGen      total 36864K, used 36852K [0x00000000d7200000, 0x00000000d9b00000, 0x0000000100000000)
  eden space 31744K, 100% used [0x00000000d7200000,0x00000000d9100000,0x00000000d9100000)
  from space 5120K, 99% used [0x00000000d9100000,0x00000000d95fd080,0x00000000d9600000)
  to   space 5120K, 0% used [0x00000000d9600000,0x00000000d9600000,0x00000000d9b00000)
 ParOldGen       total 48640K, used 10696K [0x0000000085600000, 0x0000000088580000, 0x00000000d7200000)
  object space 48640K, 21% used [0x0000000085600000,0x0000000086072210,0x0000000088580000)
 Metaspace       used 29576K, capacity 30826K, committed 30976K, reserved 1075200K
  class space    used 3973K, capacity 4248K, committed 4352K, reserved 1048576K
Event: 21.155 GC heap after
Heap after GC invocations=5 (full 1):
 PSYoungGen      total 36864K, used 5115K [0x00000000d7200000, 0x00000000d9b00000, 0x0000000100000000)
  eden space 31744K, 0% used [0x00000000d7200000,0x00000000d7200000,0x00000000d9100000)
  from space 5120K, 99% used [0x00000000d9600000,0x00000000d9afec78,0x00000000d9b00000)
  to   space 5120K, 0% used [0x00000000d9100000,0x00000000d9100000,0x00000000d9600000)
 ParOldGen       total 48640K, used 15245K [0x0000000085600000, 0x0000000088580000, 0x00000000d7200000)
  object space 48640K, 31% used [0x0000000085600000,0x00000000864e36a8,0x0000000088580000)
 Metaspace       used 29576K, capacity 30826K, committed 30976K, reserved 1075200K
  class space    used 3973K, capacity 4248K, committed 4352K, reserved 1048576K
}

Deoptimization events (10 events):
Event: 18.444 Thread 0x000001c07e3d0000 Uncommon trap: reason=array_check action=maybe_recompile pc=0x000001c0694c2250 method=com.sun.javafx.css.CompoundSelector.applies(Ljavafx/css/Styleable;[Ljava/util/Set;I)Z @ 128
Event: 18.444 Thread 0x000001c07e3d0000 Uncommon trap: reason=array_check action=maybe_recompile pc=0x000001c0694c2250 method=com.sun.javafx.css.CompoundSelector.applies(Ljavafx/css/Styleable;[Ljava/util/Set;I)Z @ 128
Event: 18.444 Thread 0x000001c07e3d0000 Uncommon trap: reason=array_check action=maybe_recompile pc=0x000001c0694c2250 method=com.sun.javafx.css.CompoundSelector.applies(Ljavafx/css/Styleable;[Ljava/util/Set;I)Z @ 128
Event: 18.444 Thread 0x000001c07e3d0000 Uncommon trap: reason=array_check action=maybe_recompile pc=0x000001c0694c2250 method=com.sun.javafx.css.CompoundSelector.applies(Ljavafx/css/Styleable;[Ljava/util/Set;I)Z @ 128
Event: 18.938 Thread 0x000001c07e3d0000 Uncommon trap: reason=unstable_if action=reinterpret pc=0x000001c06958b61c method=javafx.scene.Node.notifyParentOfBoundsChange()V @ 18
Event: 18.938 Thread 0x000001c07e3d0000 Uncommon trap: reason=unstable_if action=reinterpret pc=0x000001c069467f64 method=com.sun.javafx.css.StyleManager$CacheContainer.getStyleMap(I)Lcom/sun/javafx/css/StyleMap; @ 22
Event: 18.938 Thread 0x000001c07e3d0000 Uncommon trap: reason=unstable_if action=reinterpret pc=0x000001c069406b50 method=com.sun.javafx.css.StyleManager$CacheContainer.getStyleMap(I)Lcom/sun/javafx/css/StyleMap; @ 22
Event: 18.966 Thread 0x000001c07e39c800 Uncommon trap: reason=unstable_if action=reinterpret pc=0x000001c068e05644 method=com.sun.javafx.geom.RectBounds.isEmpty()Z @ 21
Event: 20.498 Thread 0x000001c07e3d0000 Uncommon trap: reason=null_check action=make_not_entrant pc=0x000001c0694d6e50 method=javafx.scene.Node$MiscProperties.getEffect()Ljavafx/scene/effect/Effect; @ 20
Event: 20.498 Thread 0x000001c07e3d0000 Uncommon trap: reason=null_check action=make_not_entrant pc=0x000001c06952150c method=javafx.scene.Node$MiscProperties.getEffect()Ljavafx/scene/effect/Effect; @ 20

Classes redefined (0 events):
No events

Internal exceptions (10 events):
Event: 11.521 Thread 0x000001c07e3d0000 Exception <a 'java/lang/ArrayIndexOutOfBoundsException'> (0x00000000d8245210) thrown at [C:\jenkins\workspace\8-2-build-windows-amd64-cygwin\jdk8u271\605\hotspot\src\share\vm\runtime\sharedRuntime.cpp, line 609]
Event: 11.526 Thread 0x000001c07e3d0000 Exception <a 'java/lang/ArrayIndexOutOfBoundsException'> (0x00000000d82728e0) thrown at [C:\jenkins\workspace\8-2-build-windows-amd64-cygwin\jdk8u271\605\hotspot\src\share\vm\runtime\sharedRuntime.cpp, line 609]
Event: 11.531 Thread 0x000001c07e3d0000 Exception <a 'java/lang/ArrayIndexOutOfBoundsException'> (0x00000000d82929f8) thrown at [C:\jenkins\workspace\8-2-build-windows-amd64-cygwin\jdk8u271\605\hotspot\src\share\vm\runtime\sharedRuntime.cpp, line 609]
Event: 11.569 Thread 0x000001c07e3d0000 Exception <a 'java/lang/NoClassDefFoundError': oracle/security/pki/OraclePKIProvider> (0x00000000d846b738) thrown at [C:\jenkins\workspace\8-2-build-windows-amd64-cygwin\jdk8u271\605\hotspot\src\share\vm\classfile\systemDictionary.cpp, line 201]
Event: 11.580 Thread 0x000001c07e3d0000 Implicit null exception at 0x000001c068c2c116 to 0x000001c068c2c4bd
Event: 13.413 Thread 0x000001c07e3d0000 Implicit null exception at 0x000001c0690a9d5d to 0x000001c0690a9ea1
Event: 15.582 Thread 0x000001c07e3d0000 Exception <a 'java/io/FileNotFoundException'> (0x00000000d7c22060) thrown at [C:\jenkins\workspace\8-2-build-windows-amd64-cygwin\jdk8u271\605\hotspot\src\share\vm\prims\jni.cpp, line 710]
Event: 15.613 Thread 0x000001c07e3d0000 Exception <a 'java/lang/ArrayIndexOutOfBoundsException'> (0x00000000d7cd97d8) thrown at [C:\jenkins\workspace\8-2-build-windows-amd64-cygwin\jdk8u271\605\hotspot\src\share\vm\runtime\sharedRuntime.cpp, line 609]
Event: 20.498 Thread 0x000001c07e3d0000 Implicit null exception at 0x000001c0694d6112 to 0x000001c0694d6e2d
Event: 20.498 Thread 0x000001c07e3d0000 Implicit null exception at 0x000001c069520d06 to 0x000001c0695214f1

Events (10 events):
Event: 21.783 loading class com/mysql/cj/BindValue
Event: 21.783 loading class com/mysql/cj/BindValue done
Event: 21.784 loading class java/time/OffsetTime
Event: 21.785 loading class java/time/OffsetTime done
Event: 21.785 loading class java/time/OffsetDateTime
Event: 21.785 loading class java/time/OffsetDateTime done
Event: 21.785 loading class java/time/ZonedDateTime
Event: 21.785 loading class java/time/ZonedDateTime done
Event: 21.786 loading class com/mysql/cj/ClientPreparedQueryBindValue
Event: 21.786 loading class com/mysql/cj/ClientPreparedQueryBindValue done


Dynamic libraries:
0x00007ff6e12d0000 - 0x00007ff6e1317000 	C:\Program Files\Java\jdk1.8.0_271\bin\java.exe
0x00007ffec9870000 - 0x00007ffec9a65000 	C:\WINDOWS\SYSTEM32\ntdll.dll
0x00007ffec8f70000 - 0x00007ffec902d000 	C:\WINDOWS\System32\KERNEL32.DLL
0x00007ffec7320000 - 0x00007ffec75e8000 	C:\WINDOWS\System32\KERNELBASE.dll
0x00007ffec7ed0000 - 0x00007ffec7f7c000 	C:\WINDOWS\System32\ADVAPI32.dll
0x00007ffec8420000 - 0x00007ffec84be000 	C:\WINDOWS\System32\msvcrt.dll
0x00007ffec9590000 - 0x00007ffec962b000 	C:\WINDOWS\System32\sechost.dll
0x00007ffec7d50000 - 0x00007ffec7e7b000 	C:\WINDOWS\System32\RPCRT4.dll
0x00007ffec9330000 - 0x00007ffec94d0000 	C:\WINDOWS\System32\USER32.dll
0x00007ffec77f0000 - 0x00007ffec7812000 	C:\WINDOWS\System32\win32u.dll
0x00007ffec8570000 - 0x00007ffec859a000 	C:\WINDOWS\System32\GDI32.dll
0x00007ffec7010000 - 0x00007ffec711b000 	C:\WINDOWS\System32\gdi32full.dll
0x00007ffec7120000 - 0x00007ffec71bd000 	C:\WINDOWS\System32\msvcp_win.dll
0x00007ffec75f0000 - 0x00007ffec76f0000 	C:\WINDOWS\System32\ucrtbase.dll
0x00007ffeb4460000 - 0x00007ffeb46fa000 	C:\WINDOWS\WinSxS\amd64_microsoft.windows.common-controls_6595b64144ccf1df_6.0.19041.844_none_ca00b6081b84eb1d\COMCTL32.dll
0x00007ffec7e80000 - 0x00007ffec7eb0000 	C:\WINDOWS\System32\IMM32.DLL
0x00007ffebf230000 - 0x00007ffebf245000 	C:\Program Files\Java\jdk1.8.0_271\jre\bin\vcruntime140.dll
0x00007ffe80a50000 - 0x00007ffe80aeb000 	C:\Program Files\Java\jdk1.8.0_271\jre\bin\msvcp140.dll
0x000000005ae50000 - 0x000000005b6bf000 	C:\Program Files\Java\jdk1.8.0_271\jre\bin\server\jvm.dll
0x00007ffec9320000 - 0x00007ffec9328000 	C:\WINDOWS\System32\PSAPI.DLL
0x00007ffeae5a0000 - 0x00007ffeae5a9000 	C:\WINDOWS\SYSTEM32\WSOCK32.dll
0x00007ffec8620000 - 0x00007ffec868b000 	C:\WINDOWS\System32\WS2_32.dll
0x00007ffeb6520000 - 0x00007ffeb6547000 	C:\WINDOWS\SYSTEM32\WINMM.dll
0x00007ffeb7370000 - 0x00007ffeb737a000 	C:\WINDOWS\SYSTEM32\VERSION.dll
0x00007ffec58d0000 - 0x00007ffec58e2000 	C:\WINDOWS\SYSTEM32\kernel.appcore.dll
0x00007ffec4cb0000 - 0x00007ffec4cc0000 	C:\Program Files\Java\jdk1.8.0_271\jre\bin\verify.dll
0x00007ffeb4820000 - 0x00007ffeb484b000 	C:\Program Files\Java\jdk1.8.0_271\jre\bin\java.dll
0x00007ffeb47f0000 - 0x00007ffeb4820000 	C:\Program Files\Java\jdk1.8.0_271\jre\bin\instrument.dll
0x00007ffebeb00000 - 0x00007ffebeb18000 	C:\Program Files\Java\jdk1.8.0_271\jre\bin\zip.dll
0x00007ffec8690000 - 0x00007ffec8dd2000 	C:\WINDOWS\System32\SHELL32.dll
0x00007ffec4e50000 - 0x00007ffec55e0000 	C:\WINDOWS\SYSTEM32\windows.storage.dll
0x00007ffec8010000 - 0x00007ffec8365000 	C:\WINDOWS\System32\combase.dll
0x00007ffec6a20000 - 0x00007ffec6a4c000 	C:\WINDOWS\SYSTEM32\Wldp.dll
0x00007ffec84c0000 - 0x00007ffec856e000 	C:\WINDOWS\System32\SHCORE.dll
0x00007ffec94d0000 - 0x00007ffec9525000 	C:\WINDOWS\System32\shlwapi.dll
0x00007ffec6ef0000 - 0x00007ffec6f0f000 	C:\WINDOWS\SYSTEM32\profapi.dll
0x00007ffe97d20000 - 0x00007ffe97d3a000 	C:\Program Files\JetBrains\IntelliJ IDEA Community Edition 2021.1.1\bin\breakgen64.dll
0x00007ffe97d00000 - 0x00007ffe97d1c000 	C:\Program Files\Java\jdk1.8.0_271\jre\bin\net.dll
0x00007ffec6790000 - 0x00007ffec67fa000 	C:\WINDOWS\system32\mswsock.dll
0x000001c067130000 - 0x000001c067133000 	C:\Program Files\Java\jdk1.8.0_271\jre\bin\api-ms-win-core-console-l1-1-0.dll
0x000001c067140000 - 0x000001c067143000 	C:\Program Files\Java\jdk1.8.0_271\jre\bin\api-ms-win-core-console-l1-2-0.dll
0x000001c067150000 - 0x000001c067153000 	C:\Program Files\Java\jdk1.8.0_271\jre\bin\api-ms-win-core-datetime-l1-1-0.dll
0x000001c067160000 - 0x000001c067163000 	C:\Program Files\Java\jdk1.8.0_271\jre\bin\api-ms-win-core-debug-l1-1-0.dll
0x000001c067170000 - 0x000001c067173000 	C:\Program Files\Java\jdk1.8.0_271\jre\bin\api-ms-win-core-errorhandling-l1-1-0.dll
0x000001c07e5e0000 - 0x000001c07e5e4000 	C:\Program Files\Java\jdk1.8.0_271\jre\bin\api-ms-win-core-file-l1-1-0.dll
0x000001c07e5f0000 - 0x000001c07e5f3000 	C:\Program Files\Java\jdk1.8.0_271\jre\bin\api-ms-win-core-file-l1-2-0.dll
0x000001c07e600000 - 0x000001c07e603000 	C:\Program Files\Java\jdk1.8.0_271\jre\bin\api-ms-win-core-file-l2-1-0.dll
0x000001c07e610000 - 0x000001c07e613000 	C:\Program Files\Java\jdk1.8.0_271\jre\bin\api-ms-win-core-handle-l1-1-0.dll
0x000001c07e620000 - 0x000001c07e623000 	C:\Program Files\Java\jdk1.8.0_271\jre\bin\api-ms-win-core-heap-l1-1-0.dll
0x000001c07e630000 - 0x000001c07e633000 	C:\Program Files\Java\jdk1.8.0_271\jre\bin\api-ms-win-core-interlocked-l1-1-0.dll
0x000001c07e640000 - 0x000001c07e643000 	C:\Program Files\Java\jdk1.8.0_271\jre\bin\api-ms-win-core-libraryloader-l1-1-0.dll
0x000001c07e650000 - 0x000001c07e653000 	C:\Program Files\Java\jdk1.8.0_271\jre\bin\api-ms-win-core-localization-l1-2-0.dll
0x000001c07e660000 - 0x000001c07e663000 	C:\Program Files\Java\jdk1.8.0_271\jre\bin\api-ms-win-core-memory-l1-1-0.dll
0x000001c07e670000 - 0x000001c07e673000 	C:\Program Files\Java\jdk1.8.0_271\jre\bin\api-ms-win-core-namedpipe-l1-1-0.dll
0x000001c07e680000 - 0x000001c07e683000 	C:\Program Files\Java\jdk1.8.0_271\jre\bin\api-ms-win-core-processenvironment-l1-1-0.dll
0x000001c07e690000 - 0x000001c07e693000 	C:\Program Files\Java\jdk1.8.0_271\jre\bin\api-ms-win-core-processthreads-l1-1-0.dll
0x000001c07e6a0000 - 0x000001c07e6a3000 	C:\Program Files\Java\jdk1.8.0_271\jre\bin\api-ms-win-core-processthreads-l1-1-1.dll
0x000001c07e6b0000 - 0x000001c07e6b3000 	C:\Program Files\Java\jdk1.8.0_271\jre\bin\api-ms-win-core-profile-l1-1-0.dll
0x000001c07e6c0000 - 0x000001c07e6c3000 	C:\Program Files\Java\jdk1.8.0_271\jre\bin\api-ms-win-core-rtlsupport-l1-1-0.dll
0x000001c07e6d0000 - 0x000001c07e6d3000 	C:\Program Files\Java\jdk1.8.0_271\jre\bin\api-ms-win-core-string-l1-1-0.dll
0x000001c07e6e0000 - 0x000001c07e6e3000 	C:\Program Files\Java\jdk1.8.0_271\jre\bin\api-ms-win-core-synch-l1-1-0.dll
0x000001c07e6f0000 - 0x000001c07e6f3000 	C:\Program Files\Java\jdk1.8.0_271\jre\bin\api-ms-win-core-synch-l1-2-0.dll
0x000001c07e700000 - 0x000001c07e703000 	C:\Program Files\Java\jdk1.8.0_271\jre\bin\api-ms-win-core-sysinfo-l1-1-0.dll
0x000001c07e710000 - 0x000001c07e713000 	C:\Program Files\Java\jdk1.8.0_271\jre\bin\api-ms-win-core-timezone-l1-1-0.dll
0x000001c07e720000 - 0x000001c07e723000 	C:\Program Files\Java\jdk1.8.0_271\jre\bin\api-ms-win-core-util-l1-1-0.dll
0x000001c07e730000 - 0x000001c07e733000 	C:\Program Files\Java\jdk1.8.0_271\jre\bin\api-ms-win-crt-conio-l1-1-0.dll
0x000001c07e740000 - 0x000001c07e744000 	C:\Program Files\Java\jdk1.8.0_271\jre\bin\api-ms-win-crt-convert-l1-1-0.dll
0x000001c07e750000 - 0x000001c07e753000 	C:\Program Files\Java\jdk1.8.0_271\jre\bin\api-ms-win-crt-environment-l1-1-0.dll
0x000001c07e760000 - 0x000001c07e763000 	C:\Program Files\Java\jdk1.8.0_271\jre\bin\api-ms-win-crt-filesystem-l1-1-0.dll
0x000001c07e770000 - 0x000001c07e773000 	C:\Program Files\Java\jdk1.8.0_271\jre\bin\api-ms-win-crt-heap-l1-1-0.dll
0x000001c07e780000 - 0x000001c07e783000 	C:\Program Files\Java\jdk1.8.0_271\jre\bin\api-ms-win-crt-locale-l1-1-0.dll
0x000001c07e790000 - 0x000001c07e795000 	C:\Program Files\Java\jdk1.8.0_271\jre\bin\api-ms-win-crt-math-l1-1-0.dll
0x000001c07e7a0000 - 0x000001c07e7a5000 	C:\Program Files\Java\jdk1.8.0_271\jre\bin\api-ms-win-crt-multibyte-l1-1-0.dll
0x000001c07e7b0000 - 0x000001c07e7c0000 	C:\Program Files\Java\jdk1.8.0_271\jre\bin\api-ms-win-crt-private-l1-1-0.dll
0x000001c07e7c0000 - 0x000001c07e7c3000 	C:\Program Files\Java\jdk1.8.0_271\jre\bin\api-ms-win-crt-process-l1-1-0.dll
0x000001c07e7d0000 - 0x000001c07e7d4000 	C:\Program Files\Java\jdk1.8.0_271\jre\bin\api-ms-win-crt-runtime-l1-1-0.dll
0x000001c07e7e0000 - 0x000001c07e7e4000 	C:\Program Files\Java\jdk1.8.0_271\jre\bin\api-ms-win-crt-stdio-l1-1-0.dll
0x000001c07e7f0000 - 0x000001c07e7f4000 	C:\Program Files\Java\jdk1.8.0_271\jre\bin\api-ms-win-crt-string-l1-1-0.dll
0x000001c07e800000 - 0x000001c07e803000 	C:\Program Files\Java\jdk1.8.0_271\jre\bin\api-ms-win-crt-time-l1-1-0.dll
0x000001c07e810000 - 0x000001c07e813000 	C:\Program Files\Java\jdk1.8.0_271\jre\bin\api-ms-win-crt-utility-l1-1-0.dll
0x00007ffe805e0000 - 0x00007ffe806da000 	C:\Program Files\Java\jdk1.8.0_271\jre\bin\ucrtbase.dll
0x00007ffec4940000 - 0x00007ffec494c000 	C:\Windows\System32\vcruntime140_1.dll
0x00007ffe8c3e0000 - 0x00007ffe8c403000 	C:\Program Files\Java\jdk1.8.0_271\jre\bin\prism_d3d.dll
0x00007ffe80150000 - 0x00007ffe8031e000 	C:\WINDOWS\system32\d3d9.dll
0x00007ffec4360000 - 0x00007ffec438f000 	C:\WINDOWS\SYSTEM32\dwmapi.dll
0x00007ffec4170000 - 0x00007ffec420e000 	C:\WINDOWS\system32\uxtheme.dll
0x00007ffec77c0000 - 0x00007ffec77e7000 	C:\WINDOWS\System32\bcrypt.dll
0x00007ffe885e0000 - 0x00007ffe88625000 	C:\Program Files\Java\jdk1.8.0_271\jre\bin\glass.dll
0x00007ffec9750000 - 0x00007ffec982a000 	C:\WINDOWS\System32\COMDLG32.dll
0x00007ffec8e40000 - 0x00007ffec8f6a000 	C:\WINDOWS\System32\ole32.dll
0x00007ffec9250000 - 0x00007ffec931d000 	C:\WINDOWS\System32\OLEAUT32.dll
0x00007ffec9630000 - 0x00007ffec9745000 	C:\WINDOWS\System32\MSCTF.dll
0x00007ffec76f0000 - 0x00007ffec7770000 	C:\WINDOWS\System32\bcryptPrimitives.dll
0x00007ffe84c40000 - 0x00007ffe84e1b000 	C:\WINDOWS\System32\DriverStore\FileRepository\u0358376.inf_amd64_1aefb33b1784bbc2\B358374\aticfx64.dll
0x00007ffe89680000 - 0x00007ffe896b3000 	C:\WINDOWS\System32\DriverStore\FileRepository\u0358376.inf_amd64_1aefb33b1784bbc2\B358374\atiu9p64.dll
0x00007ffe666e0000 - 0x00007ffe673b8000 	C:\WINDOWS\System32\DriverStore\FileRepository\u0358376.inf_amd64_1aefb33b1784bbc2\B358374\atiumd64.dll
0x00007ffebd460000 - 0x00007ffebd644000 	C:\WINDOWS\SYSTEM32\dbghelp.dll
0x00007ffeb0060000 - 0x00007ffeb008c000 	C:\WINDOWS\SYSTEM32\dbgcore.DLL
0x0000000059fc0000 - 0x000000005ae4e000 	C:\WINDOWS\System32\DriverStore\FileRepository\u0358376.inf_amd64_1aefb33b1784bbc2\B358374\atiumd6a.dll
0x00007ffec65a0000 - 0x00007ffec65eb000 	C:\WINDOWS\SYSTEM32\POWRPROF.dll
0x00007ffec6410000 - 0x00007ffec6422000 	C:\WINDOWS\SYSTEM32\UMPDC.dll
0x00007ffec1520000 - 0x00007ffec154f000 	C:\WINDOWS\SYSTEM32\amdihk64.dll
0x00007ffebba40000 - 0x00007ffebba7b000 	C:\WINDOWS\SYSTEM32\dxcore.dll
0x00007ffec7770000 - 0x00007ffec77be000 	C:\WINDOWS\System32\cfgmgr32.dll
0x00007ffe7ddf0000 - 0x00007ffe7df53000 	C:\WINDOWS\System32\DriverStore\FileRepository\iigd_dch.inf_amd64_a086f01cc7be643a\igdumdim64.dll
0x00007ffe582e0000 - 0x00007ffe5bce4000 	C:\WINDOWS\System32\DriverStore\FileRepository\iigd_dch.inf_amd64_a086f01cc7be643a\igd9dxva64.dll
0x00007ffec78d0000 - 0x00007ffec7d39000 	C:\WINDOWS\System32\SETUPAPI.dll
0x00007ffeba0f0000 - 0x00007ffeba32f000 	C:\WINDOWS\System32\DriverStore\FileRepository\iigd_dch.inf_amd64_a086f01cc7be643a\igdgmm64.dll
0x00007ffe86750000 - 0x00007ffe86777000 	C:\WINDOWS\System32\DriverStore\FileRepository\iigd_dch.inf_amd64_a086f01cc7be643a\igdinfo64.dll
0x00007ffeb7480000 - 0x00007ffeba0e2000 	C:\WINDOWS\System32\DriverStore\FileRepository\iigd_dch.inf_amd64_a086f01cc7be643a\igc64.dll
0x00007ffe8b000000 - 0x00007ffe8b014000 	C:\Program Files\Java\jdk1.8.0_271\jre\bin\javafx_font.dll
0x00007ffe8d470000 - 0x00007ffe8d6ef000 	C:\WINDOWS\SYSTEM32\dwrite.dll
0x00007ffec8370000 - 0x00007ffec8419000 	C:\WINDOWS\System32\clbcatq.dll
0x00007ffec0380000 - 0x00007ffec0534000 	C:\WINDOWS\SYSTEM32\WindowsCodecs.dll
0x00007ffe8f310000 - 0x00007ffe8f34e000 	C:\WINDOWS\system32\dataexchange.dll
0x00007ffec2600000 - 0x00007ffec2864000 	C:\WINDOWS\system32\d3d11.dll
0x00007ffec33d0000 - 0x00007ffec35b5000 	C:\WINDOWS\system32\dcomp.dll
0x00007ffec58f0000 - 0x00007ffec59e4000 	C:\WINDOWS\system32\dxgi.dll
0x00007ffec0580000 - 0x00007ffec0781000 	C:\WINDOWS\system32\twinapi.appcore.dll
0x00007ffe89640000 - 0x00007ffe89674000 	C:\Program Files\Common Files\Microsoft Shared\Ink\rtscom.dll
0x00007ffe95bb0000 - 0x00007ffe95ca9000 	C:\WINDOWS\SYSTEM32\textinputframework.dll
0x00007ffec3ca0000 - 0x00007ffec3d92000 	C:\WINDOWS\System32\CoreMessaging.dll
0x00007ffec35c0000 - 0x00007ffec391e000 	C:\WINDOWS\System32\CoreUIComponents.dll
0x00007ffec5cf0000 - 0x00007ffec5d23000 	C:\WINDOWS\SYSTEM32\ntmarta.dll
0x00007ffec24a0000 - 0x00007ffec25f4000 	C:\WINDOWS\SYSTEM32\wintypes.dll
0x00007ffe8a720000 - 0x00007ffe8a732000 	C:\Program Files\Java\jdk1.8.0_271\jre\bin\prism_common.dll
0x00007ffec09e0000 - 0x00007ffec09ed000 	C:\Program Files\Java\jdk1.8.0_271\jre\bin\management.dll
0x00007ffe8dce0000 - 0x00007ffe8dcf3000 	C:\Program Files\Java\jdk1.8.0_271\jre\bin\nio.dll

VM Arguments:
jvm_args: -javaagent:C:\Program Files\JetBrains\IntelliJ IDEA Community Edition 2021.1.1\lib\idea_rt.jar=53738:C:\Program Files\JetBrains\IntelliJ IDEA Community Edition 2021.1.1\bin -Dfile.encoding=UTF-8 
java_command: sample.Main
java_class_path (initial): C:\Program Files\Java\jdk1.8.0_271\jre\lib\charsets.jar;C:\Program Files\Java\jdk1.8.0_271\jre\lib\deploy.jar;C:\Program Files\Java\jdk1.8.0_271\jre\lib\ext\access-bridge-64.jar;C:\Program Files\Java\jdk1.8.0_271\jre\lib\ext\cldrdata.jar;C:\Program Files\Java\jdk1.8.0_271\jre\lib\ext\dnsns.jar;C:\Program Files\Java\jdk1.8.0_271\jre\lib\ext\jaccess.jar;C:\Program Files\Java\jdk1.8.0_271\jre\lib\ext\jfxrt.jar;C:\Program Files\Java\jdk1.8.0_271\jre\lib\ext\localedata.jar;C:\Program Files\Java\jdk1.8.0_271\jre\lib\ext\nashorn.jar;C:\Program Files\Java\jdk1.8.0_271\jre\lib\ext\sunec.jar;C:\Program Files\Java\jdk1.8.0_271\jre\lib\ext\sunjce_provider.jar;C:\Program Files\Java\jdk1.8.0_271\jre\lib\ext\sunmscapi.jar;C:\Program Files\Java\jdk1.8.0_271\jre\lib\ext\sunpkcs11.jar;C:\Program Files\Java\jdk1.8.0_271\jre\lib\ext\zipfs.jar;C:\Program Files\Java\jdk1.8.0_271\jre\lib\javaws.jar;C:\Program Files\Java\jdk1.8.0_271\jre\lib\jce.jar;C:\Program Files\Java\jdk1.8.0_271\jre\lib\jfr.jar;C:\Program Files\Java\jdk1.8.0_271\jre\lib\jfxswt.jar;C:\Program Files\Java\jdk1.8.0_271\jre\lib\jsse.jar;C:\Program Files\Java\jdk1.8.0_271\jre\lib\management-agent.jar;C:\Program Files\Java\jdk1.8.0_271\jre\lib\plugin.jar;C:\Program Files\Java\jdk1.8.0_271\jre\lib\resources.jar;C:\Program Files\Java\jdk1.8.0_271\jre\lib\rt.jar;C:\Users\educa\Desktop\6 семестр\Java\Проекты\kino\out\production\kino;C:\Users\educa\Downloads\ojdbc8.jar;C:\Program Files (x86)\MySQL\Connector J 8.0\mysql-connector-java-8.0.24.jar;C:\Program Files\JetBrains\IntelliJ IDEA Community Edition 2021.1.1\lib\idea_rt.jar
Launcher Type: SUN_STANDARD

Environment Variables:
PATH=C:\app\educa\product\18.0.0\dbhomeXE\bin;C:\Program Files (x86)\Windows Resource Kits\Tools\;C:\Program Files (x86)\Common Files\Oracle\Java\javapath;C:\WINDOWS\system32;C:\WINDOWS;C:\WINDOWS\System32\Wbem;C:\WINDOWS\System32\WindowsPowerShell\v1.0\;C:\WINDOWS\System32\OpenSSH\;C:\Program Files\Microsoft SQL Server\Client SDK\ODBC\170\Tools\Binn\;C:\Program Files (x86)\Microsoft SQL Server\150\Tools\Binn\;C:\Program Files\Microsoft SQL Server\150\Tools\Binn\;C:\Program Files\Microsoft SQL Server\150\DTS\Binn\;C:\Program Files\dotnet\;C:\Program Files (x86)\Microsoft SQL Server\150\DTS\Binn\;C:\Program Files\Azure Data Studio\bin;D:\Program Files\MATLAB\R2021a\bin;C:\Program Files\Java\jdk1.8.0_271\bin;C:\Python392\Scripts\;C:\Python392\;C:\Users\educa\AppData\Local\Microsoft\WindowsApps;;C:\Program Files\Azure Data Studio\bin
USERNAME=educa
OS=Windows_NT
PROCESSOR_IDENTIFIER=Intel64 Family 6 Model 142 Stepping 9, GenuineIntel



---------------  S Y S T E M  ---------------

OS: Windows 10.0 , 64 bit Build 19041 (10.0.19041.928)

CPU:total 4 (initial active 4) (2 cores per cpu, 2 threads per core) family 6 model 142 stepping 9, cmov, cx8, fxsr, mmx, sse, sse2, sse3, ssse3, sse4.1, sse4.2, popcnt, avx, avx2, aes, clmul, erms, 3dnowpref, lzcnt, ht, tsc, tscinvbit, bmi1, bmi2, adx

Memory: 4k page, physical 8033940k(1385532k free), swap 32151188k(4992k free)

vm_info: Java HotSpot(TM) 64-Bit Server VM (25.271-b09) for windows-amd64 JRE (1.8.0_271-b09), built on Sep 16 2020 19:14:59 by "" with MS VC++ 15.9 (VS2017)

time: Wed Jun  2 11:52:10 2021
timezone: RTZ 2 (зима)
elapsed time: 21.857806 seconds (0d 0h 0m 21s)

